{"D:\\shadcn-training\\shadcn-training\\src\\vite-env.d.ts": {"path":"D:\\shadcn-training\\shadcn-training\\src\\vite-env.d.ts","statementMap":{},"fnMap":{},"branchMap":{},"s":{},"f":{},"b":{}}
,"D:\\shadcn-training\\shadcn-training\\src\\components\\theme-context.ts": {"path":"D:\\shadcn-training\\shadcn-training\\src\\components\\theme-context.ts","statementMap":{"0":{"start":{"line":1,"column":0},"end":{"line":1,"column":50}},"1":{"start":{"line":10,"column":13},"end":{"line":13,"column":2}},"2":{"start":{"line":12,"column":18},"end":{"line":12,"column":22}},"3":{"start":{"line":15,"column":13},"end":{"line":15,"column":84}},"4":{"start":{"line":17,"column":24},"end":{"line":21,"column":1}},"5":{"start":{"line":18,"column":18},"end":{"line":18,"column":50}},"6":{"start":{"line":19,"column":2},"end":{"line":19,"column":93}},"7":{"start":{"line":19,"column":29},"end":{"line":19,"column":93}},"8":{"start":{"line":20,"column":2},"end":{"line":20,"column":17}},"9":{"start":{"line":17,"column":13},"end":{"line":17,"column":24}}},"fnMap":{"0":{"name":"(anonymous_0)","decl":{"start":{"line":12,"column":12},"end":{"line":12,"column":15}},"loc":{"start":{"line":12,"column":18},"end":{"line":12,"column":22}}},"1":{"name":"(anonymous_1)","decl":{"start":{"line":17,"column":24},"end":{"line":17,"column":27}},"loc":{"start":{"line":17,"column":29},"end":{"line":21,"column":1}}}},"branchMap":{"0":{"loc":{"start":{"line":19,"column":2},"end":{"line":19,"column":93}},"type":"if","locations":[{"start":{"line":19,"column":2},"end":{"line":19,"column":93}},{"start":{},"end":{}}]}},"s":{"0":0,"1":0,"2":0,"3":0,"4":0,"5":0,"6":0,"7":0,"8":0,"9":0},"f":{"0":0,"1":0},"b":{"0":[0,0]}}
,"D:\\shadcn-training\\shadcn-training\\src\\lib\\utils.ts": {"path":"D:\\shadcn-training\\shadcn-training\\src\\lib\\utils.ts","statementMap":{"0":{"start":{"line":4,"column":0},"end":{"line":4,"column":16}},"1":{"start":{"line":1,"column":0},"end":{"line":1,"column":44}},"2":{"start":{"line":2,"column":0},"end":{"line":2,"column":40}},"3":{"start":{"line":5,"column":2},"end":{"line":5,"column":null}}},"fnMap":{"0":{"name":"cn","decl":{"start":{"line":4,"column":16},"end":{"line":4,"column":18}},"loc":{"start":{"line":4,"column":42},"end":{"line":6,"column":1}}}},"branchMap":{},"s":{"0":0,"1":0,"2":0,"3":0},"f":{"0":0},"b":{}}
}
